#
# There is insufficient memory for the Java Runtime Environment to continue.
# Native memory allocation (malloc) failed to allocate 183760 bytes for Chunk::new
# Possible reasons:
#   The system is out of physical RAM or swap space
#   The process is running with CompressedOops enabled, and the Java Heap may be blocking the growth of the native heap
# Possible solutions:
#   Reduce memory load on the system
#   Increase physical memory or swap space
#   Check if swap backing store is full
#   Decrease Java heap size (-Xmx/-Xms)
#   Decrease number of Java threads
#   Decrease Java thread stack sizes (-Xss)
#   Set larger code cache with -XX:ReservedCodeCacheSize=
#   JVM is running with Zero Based Compressed Oops mode in which the Java heap is
#     placed in the first 32GB address space. The Java Heap base address is the
#     maximum limit for the native heap growth. Please use -XX:HeapBaseMinAddress
#     to set the Java Heap base and to place the Java Heap above 32GB virtual address.
# This output file may be truncated or incomplete.
#
#  Out of Memory Error (arena.cpp:191), pid=28536, tid=21860
#
# JRE version: OpenJDK Runtime Environment (17.0.9) (build 17.0.9+0--11185874)
# Java VM: OpenJDK 64-Bit Server VM (17.0.9+0--11185874, mixed mode, tiered, compressed oops, compressed class ptrs, g1 gc, windows-amd64)
# No core dump will be written. Minidumps are not enabled by default on client versions of Windows
#

---------------  S U M M A R Y ------------

Command Line: org.jetbrains.kotlin.cli.jvm.K2JVMCompiler @C:\Users\jsham\AndroidStudioProjects\Unwind\app\build\20240506_462709801816285856.compiler.options

Host: AMD Ryzen 5 5600X 6-Core Processor             , 12 cores, 15G,  Windows 11 , 64 bit Build 22621 (10.0.22621.3374)
Time: Mon May  6 17:43:53 2024 Eastern Daylight Time elapsed time: 0.754887 seconds (0d 0h 0m 0s)

---------------  T H R E A D  ---------------

Current thread (0x0000025f84506880):  JavaThread "C2 CompilerThread1" daemon [_thread_in_native, id=21860, stack(0x000000c23ad00000,0x000000c23ae00000)]


Current CompileTask:
C2:    754  889       4       jdk.internal.org.objectweb.asm.SymbolTable::put (150 bytes)

Stack: [0x000000c23ad00000,0x000000c23ae00000]
Native frames: (J=compiled Java code, j=interpreted, Vv=VM code, C=native code)
V  [jvm.dll+0x6886e9]
V  [jvm.dll+0x841e4a]
V  [jvm.dll+0x843a8e]
V  [jvm.dll+0x8440f3]
V  [jvm.dll+0x24c14f]
V  [jvm.dll+0xac44c]
V  [jvm.dll+0xaca9c]
V  [jvm.dll+0x36c1f7]
V  [jvm.dll+0x33651a]
V  [jvm.dll+0x3359ba]
V  [jvm.dll+0x21ddb1]
V  [jvm.dll+0x21d1d1]
V  [jvm.dll+0x1a674d]
V  [jvm.dll+0x22d088]
V  [jvm.dll+0x22b1c0]
V  [jvm.dll+0x7f62f7]
V  [jvm.dll+0x7f06aa]
V  [jvm.dll+0x687565]
C  [ucrtbase.dll+0x29333]
C  [KERNEL32.DLL+0x1257d]
C  [ntdll.dll+0x5aa48]


---------------  P R O C E S S  ---------------

Threads class SMR info:
_java_thread_list=0x0000025f8463d940, length=13, elements={
0x0000025fe103b190, 0x0000025f8405a660, 0x0000025f8405c4f0, 0x0000025f840aa550,
0x0000025f840ae130, 0x0000025f840b0b00, 0x0000025f840b14c0, 0x0000025f840b2260,
0x0000025f840c49a0, 0x0000025f840d28c0, 0x0000025f8421d240, 0x0000025f84226660,
0x0000025f84506880
}

Java Threads: ( => current thread )
  0x0000025fe103b190 JavaThread "main" [_thread_in_Java, id=28424, stack(0x000000c239a00000,0x000000c239b00000)]
  0x0000025f8405a660 JavaThread "Reference Handler" daemon [_thread_blocked, id=756, stack(0x000000c23a100000,0x000000c23a200000)]
  0x0000025f8405c4f0 JavaThread "Finalizer" daemon [_thread_blocked, id=23468, stack(0x000000c23a200000,0x000000c23a300000)]
  0x0000025f840aa550 JavaThread "Signal Dispatcher" daemon [_thread_blocked, id=2788, stack(0x000000c23a300000,0x000000c23a400000)]
  0x0000025f840ae130 JavaThread "Attach Listener" daemon [_thread_blocked, id=23096, stack(0x000000c23a400000,0x000000c23a500000)]
  0x0000025f840b0b00 JavaThread "Service Thread" daemon [_thread_blocked, id=26092, stack(0x000000c23a500000,0x000000c23a600000)]
  0x0000025f840b14c0 JavaThread "Monitor Deflation Thread" daemon [_thread_blocked, id=13184, stack(0x000000c23a600000,0x000000c23a700000)]
  0x0000025f840b2260 JavaThread "C2 CompilerThread0" daemon [_thread_blocked, id=29248, stack(0x000000c23a700000,0x000000c23a800000)]
  0x0000025f840c49a0 JavaThread "C1 CompilerThread0" daemon [_thread_blocked, id=27944, stack(0x000000c23a800000,0x000000c23a900000)]
  0x0000025f840d28c0 JavaThread "Sweeper thread" daemon [_thread_blocked, id=19676, stack(0x000000c23a900000,0x000000c23aa00000)]
  0x0000025f8421d240 JavaThread "Notification Thread" daemon [_thread_blocked, id=22604, stack(0x000000c23aa00000,0x000000c23ab00000)]
  0x0000025f84226660 JavaThread "Common-Cleaner" daemon [_thread_blocked, id=23760, stack(0x000000c23ac00000,0x000000c23ad00000)]
=>0x0000025f84506880 JavaThread "C2 CompilerThread1" daemon [_thread_in_native, id=21860, stack(0x000000c23ad00000,0x000000c23ae00000)]

Other Threads:
  0x0000025f84056a20 VMThread "VM Thread" [stack: 0x000000c23a000000,0x000000c23a100000] [id=28844]
  0x0000025f8421d720 WatcherThread [stack: 0x000000c23ab00000,0x000000c23ac00000] [id=28080]
  0x0000025fe10a8ac0 GCTaskThread "GC Thread#0" [stack: 0x000000c239b00000,0x000000c239c00000] [id=27996]
  0x0000025f8488da60 GCTaskThread "GC Thread#1" [stack: 0x000000c23ae00000,0x000000c23af00000] [id=22592]
  0x0000025f848f3020 GCTaskThread "GC Thread#2" [stack: 0x000000c23af00000,0x000000c23b000000] [id=1708]
  0x0000025f848f32e0 GCTaskThread "GC Thread#3" [stack: 0x000000c23b000000,0x000000c23b100000] [id=29228]
  0x0000025f848f35a0 GCTaskThread "GC Thread#4" [stack: 0x000000c23b100000,0x000000c23b200000] [id=21924]
  0x0000025f843fc5d0 GCTaskThread "GC Thread#5" [stack: 0x000000c23b200000,0x000000c23b300000] [id=13512]
  0x0000025fe10b98d0 ConcurrentGCThread "G1 Main Marker" [stack: 0x000000c239c00000,0x000000c239d00000] [id=14664]
  0x0000025fe10baa90 ConcurrentGCThread "G1 Conc#0" [stack: 0x000000c239d00000,0x000000c239e00000] [id=28944]
  0x0000025fffd49960 ConcurrentGCThread "G1 Refine#0" [stack: 0x000000c239e00000,0x000000c239f00000] [id=25304]
  0x0000025fffd4b3a0 ConcurrentGCThread "G1 Service" [stack: 0x000000c239f00000,0x000000c23a000000] [id=22992]

Threads with active compile tasks:
C2 CompilerThread1      775  889       4       jdk.internal.org.objectweb.asm.SymbolTable::put (150 bytes)

VM state: not at safepoint (normal execution)

VM Mutex/Monitor currently owned by a thread: None

Heap address: 0x0000000701400000, size: 4076 MB, Compressed Oops mode: Zero based, Oop shift amount: 3

CDS archive(s) not mapped
Compressed class space mapped at: 0x0000000800000000-0x0000000840000000, reserved size: 1073741824
Narrow klass base: 0x0000000800000000, Narrow klass shift: 0, Narrow klass range: 0x40000000

GC Precious Log:
 CPUs: 12 total, 12 available
 Memory: 16300M
 Large Page Support: Disabled
 NUMA Support: Disabled
 Compressed Oops: Enabled (Zero based)
 Heap Region Size: 2M
 Heap Min Capacity: 8M
 Heap Initial Capacity: 256M
 Heap Max Capacity: 4076M
 Pre-touch: Disabled
 Parallel Workers: 10
 Concurrent Workers: 3
 Concurrent Refinement Workers: 10
 Periodic GC: Disabled

Heap:
 garbage-first heap   total 262144K, used 23669K [0x0000000701400000, 0x0000000800000000)
  region size 2048K, 11 young (22528K), 2 survivors (4096K)
 Metaspace       used 19227K, committed 19456K, reserved 1114112K
  class space    used 1993K, committed 2112K, reserved 1048576K

Heap Regions: E=young(eden), S=young(survivor), O=old, HS=humongous(starts), HC=humongous(continues), CS=collection set, F=free, OA=open archive, CA=closed archive, TAMS=top-at-mark-start (previous, next)
|   0|0x0000000701400000, 0x0000000701600000, 0x0000000701600000|100%|HS|  |TAMS 0x0000000701400000, 0x0000000701400000| Complete 
|   1|0x0000000701600000, 0x0000000701800000, 0x0000000701800000|100%|HC|  |TAMS 0x0000000701600000, 0x0000000701600000| Complete 
|   2|0x0000000701800000, 0x0000000701800000, 0x0000000701a00000|  0%| F|  |TAMS 0x0000000701800000, 0x0000000701800000| Untracked 
|   3|  0%| F)